0 info it worked if it ends with ok
1 verbose cli [ 'node', '/usr/local/bin/npm', 'install' ]
2 info using npm@1.4.28
3 info using node@v0.10.32
4 verbose readDependencies using package.json deps
5 verbose install where, deps [ '/Users/kirishoru/Sites/experiment',
5 verbose install   [ 'express', 'serve-favicon', 'mongodb', 'monk', 'mongoskin' ] ]
6 info preinstall experiment@0.0.0
7 verbose readDependencies using package.json deps
8 verbose cache add [ 'express@~4.12.0', null ]
9 verbose cache add name=undefined spec="express@~4.12.0" args=["express@~4.12.0",null]
10 verbose parsed url { protocol: null,
10 verbose parsed url   slashes: null,
10 verbose parsed url   auth: null,
10 verbose parsed url   host: null,
10 verbose parsed url   port: null,
10 verbose parsed url   hostname: null,
10 verbose parsed url   hash: null,
10 verbose parsed url   search: null,
10 verbose parsed url   query: null,
10 verbose parsed url   pathname: 'express@~4.12.0',
10 verbose parsed url   path: 'express@~4.12.0',
10 verbose parsed url   href: 'express@~4.12.0' }
11 verbose cache add [ 'serve-favicon@~2.2.0', null ]
12 verbose cache add name=undefined spec="serve-favicon@~2.2.0" args=["serve-favicon@~2.2.0",null]
13 verbose parsed url { protocol: null,
13 verbose parsed url   slashes: null,
13 verbose parsed url   auth: null,
13 verbose parsed url   host: null,
13 verbose parsed url   port: null,
13 verbose parsed url   hostname: null,
13 verbose parsed url   hash: null,
13 verbose parsed url   search: null,
13 verbose parsed url   query: null,
13 verbose parsed url   pathname: 'serve-favicon@~2.2.0',
13 verbose parsed url   path: 'serve-favicon@~2.2.0',
13 verbose parsed url   href: 'serve-favicon@~2.2.0' }
14 verbose cache add [ 'mongodb@*', null ]
15 verbose cache add name=undefined spec="mongodb@*" args=["mongodb@*",null]
16 verbose parsed url { protocol: null,
16 verbose parsed url   slashes: null,
16 verbose parsed url   auth: null,
16 verbose parsed url   host: null,
16 verbose parsed url   port: null,
16 verbose parsed url   hostname: null,
16 verbose parsed url   hash: null,
16 verbose parsed url   search: null,
16 verbose parsed url   query: null,
16 verbose parsed url   pathname: 'mongodb@*',
16 verbose parsed url   path: 'mongodb@*',
16 verbose parsed url   href: 'mongodb@*' }
17 verbose cache add [ 'monk@*', null ]
18 verbose cache add name=undefined spec="monk@*" args=["monk@*",null]
19 verbose parsed url { protocol: null,
19 verbose parsed url   slashes: null,
19 verbose parsed url   auth: null,
19 verbose parsed url   host: null,
19 verbose parsed url   port: null,
19 verbose parsed url   hostname: null,
19 verbose parsed url   hash: null,
19 verbose parsed url   search: null,
19 verbose parsed url   query: null,
19 verbose parsed url   pathname: 'monk@*',
19 verbose parsed url   path: 'monk@*',
19 verbose parsed url   href: 'monk@*' }
20 verbose cache add [ 'mongoskin@*', null ]
21 verbose cache add name=undefined spec="mongoskin@*" args=["mongoskin@*",null]
22 verbose parsed url { protocol: null,
22 verbose parsed url   slashes: null,
22 verbose parsed url   auth: null,
22 verbose parsed url   host: null,
22 verbose parsed url   port: null,
22 verbose parsed url   hostname: null,
22 verbose parsed url   hash: null,
22 verbose parsed url   search: null,
22 verbose parsed url   query: null,
22 verbose parsed url   pathname: 'mongoskin@*',
22 verbose parsed url   path: 'mongoskin@*',
22 verbose parsed url   href: 'mongoskin@*' }
23 verbose cache add name="express" spec="~4.12.0" args=["express","~4.12.0"]
24 verbose parsed url { protocol: null,
24 verbose parsed url   slashes: null,
24 verbose parsed url   auth: null,
24 verbose parsed url   host: null,
24 verbose parsed url   port: null,
24 verbose parsed url   hostname: null,
24 verbose parsed url   hash: null,
24 verbose parsed url   search: null,
24 verbose parsed url   query: null,
24 verbose parsed url   pathname: '~4.12.0',
24 verbose parsed url   path: '~4.12.0',
24 verbose parsed url   href: '~4.12.0' }
25 verbose addNamed [ 'express', '~4.12.0' ]
26 verbose addNamed [ null, '>=4.12.0-0 <4.13.0-0' ]
27 verbose cache add name="serve-favicon" spec="~2.2.0" args=["serve-favicon","~2.2.0"]
28 verbose parsed url { protocol: null,
28 verbose parsed url   slashes: null,
28 verbose parsed url   auth: null,
28 verbose parsed url   host: null,
28 verbose parsed url   port: null,
28 verbose parsed url   hostname: null,
28 verbose parsed url   hash: null,
28 verbose parsed url   search: null,
28 verbose parsed url   query: null,
28 verbose parsed url   pathname: '~2.2.0',
28 verbose parsed url   path: '~2.2.0',
28 verbose parsed url   href: '~2.2.0' }
29 verbose addNamed [ 'serve-favicon', '~2.2.0' ]
30 verbose addNamed [ null, '>=2.2.0-0 <2.3.0-0' ]
31 verbose cache add name="mongodb" spec="*" args=["mongodb","*"]
32 verbose parsed url { protocol: null,
32 verbose parsed url   slashes: null,
32 verbose parsed url   auth: null,
32 verbose parsed url   host: null,
32 verbose parsed url   port: null,
32 verbose parsed url   hostname: null,
32 verbose parsed url   hash: null,
32 verbose parsed url   search: null,
32 verbose parsed url   query: null,
32 verbose parsed url   pathname: '*',
32 verbose parsed url   path: '*',
32 verbose parsed url   href: '*' }
33 verbose addNamed [ 'mongodb', '*' ]
34 verbose addNamed [ null, '*' ]
35 verbose cache add name="monk" spec="*" args=["monk","*"]
36 verbose parsed url { protocol: null,
36 verbose parsed url   slashes: null,
36 verbose parsed url   auth: null,
36 verbose parsed url   host: null,
36 verbose parsed url   port: null,
36 verbose parsed url   hostname: null,
36 verbose parsed url   hash: null,
36 verbose parsed url   search: null,
36 verbose parsed url   query: null,
36 verbose parsed url   pathname: '*',
36 verbose parsed url   path: '*',
36 verbose parsed url   href: '*' }
37 verbose addNamed [ 'monk', '*' ]
38 verbose addNamed [ null, '*' ]
39 verbose cache add name="mongoskin" spec="*" args=["mongoskin","*"]
40 verbose parsed url { protocol: null,
40 verbose parsed url   slashes: null,
40 verbose parsed url   auth: null,
40 verbose parsed url   host: null,
40 verbose parsed url   port: null,
40 verbose parsed url   hostname: null,
40 verbose parsed url   hash: null,
40 verbose parsed url   search: null,
40 verbose parsed url   query: null,
40 verbose parsed url   pathname: '*',
40 verbose parsed url   path: '*',
40 verbose parsed url   href: '*' }
41 verbose addNamed [ 'mongoskin', '*' ]
42 verbose addNamed [ null, '*' ]
43 silly lockFile f6913094-express-4-12-0 express@~4.12.0
44 verbose lock express@~4.12.0 /Users/kirishoru/.npm/f6913094-express-4-12-0.lock
45 silly lockFile 9df5bad7-serve-favicon-2-2-0 serve-favicon@~2.2.0
46 verbose lock serve-favicon@~2.2.0 /Users/kirishoru/.npm/9df5bad7-serve-favicon-2-2-0.lock
47 silly lockFile 842f93d5-mongodb mongodb@*
48 verbose lock mongodb@* /Users/kirishoru/.npm/842f93d5-mongodb.lock
49 silly lockFile 0950a84a-monk monk@*
50 verbose lock monk@* /Users/kirishoru/.npm/0950a84a-monk.lock
51 silly lockFile bbe026fa-mongoskin mongoskin@*
52 verbose lock mongoskin@* /Users/kirishoru/.npm/bbe026fa-mongoskin.lock
53 silly addNameRange { name: 'express',
53 silly addNameRange   range: '>=4.12.0-0 <4.13.0-0',
53 silly addNameRange   hasData: false }
54 silly addNameRange { name: 'mongodb', range: '*', hasData: false }
55 silly addNameRange { name: 'monk', range: '*', hasData: false }
56 silly addNameRange { name: 'serve-favicon',
56 silly addNameRange   range: '>=2.2.0-0 <2.3.0-0',
56 silly addNameRange   hasData: false }
57 verbose request where is /monk
58 verbose request registry https://registry.npmjs.org/
59 verbose request id d8ed3358d07fe8a2
60 verbose url raw /monk
61 verbose url resolving [ 'https://registry.npmjs.org/', './monk' ]
62 verbose url resolved https://registry.npmjs.org/monk
63 verbose request where is https://registry.npmjs.org/monk
64 info trying registry request attempt 1 at 17:04:47
65 http GET https://registry.npmjs.org/monk
66 silly addNameRange { name: 'mongoskin', range: '*', hasData: false }
67 verbose request where is /mongoskin
68 verbose request registry https://registry.npmjs.org/
69 verbose url raw /mongoskin
70 verbose url resolving [ 'https://registry.npmjs.org/', './mongoskin' ]
71 verbose url resolved https://registry.npmjs.org/mongoskin
72 verbose request where is https://registry.npmjs.org/mongoskin
73 info trying registry request attempt 1 at 17:04:47
74 http GET https://registry.npmjs.org/mongoskin
75 verbose request where is /express
76 verbose request registry https://registry.npmjs.org/
77 verbose url raw /express
78 verbose url resolving [ 'https://registry.npmjs.org/', './express' ]
79 verbose url resolved https://registry.npmjs.org/express
80 verbose request where is https://registry.npmjs.org/express
81 info trying registry request attempt 1 at 17:04:47
82 verbose etag "9VWKYZ1F4O5IC5ARH8TR2R278"
83 http GET https://registry.npmjs.org/express
84 verbose request where is /mongodb
85 verbose request registry https://registry.npmjs.org/
86 verbose url raw /mongodb
87 verbose url resolving [ 'https://registry.npmjs.org/', './mongodb' ]
88 verbose url resolved https://registry.npmjs.org/mongodb
89 verbose request where is https://registry.npmjs.org/mongodb
90 info trying registry request attempt 1 at 17:04:47
91 verbose etag "VEMVH7SVAGF1W75K3OGV9IAL"
92 http GET https://registry.npmjs.org/mongodb
93 verbose request where is /serve-favicon
94 verbose request registry https://registry.npmjs.org/
95 verbose url raw /serve-favicon
96 verbose url resolving [ 'https://registry.npmjs.org/', './serve-favicon' ]
97 verbose url resolved https://registry.npmjs.org/serve-favicon
98 verbose request where is https://registry.npmjs.org/serve-favicon
99 info trying registry request attempt 1 at 17:04:47
100 verbose etag "DQNCEOV1TU804V1DNRWACLPFP"
101 http GET https://registry.npmjs.org/serve-favicon
102 http 200 https://registry.npmjs.org/serve-favicon
103 silly registry.get cb [ 200,
103 silly registry.get   { date: 'Tue, 10 Mar 2015 00:04:47 GMT',
103 silly registry.get     server: 'CouchDB/1.5.0 (Erlang OTP/R16B03)',
103 silly registry.get     etag: '"8V5WKKJRUXO2QYFH1CV13IFTW"',
103 silly registry.get     'content-type': 'application/json',
103 silly registry.get     'cache-control': 'max-age=60',
103 silly registry.get     'content-length': '20529',
103 silly registry.get     'accept-ranges': 'bytes',
103 silly registry.get     via: '1.1 varnish',
103 silly registry.get     age: '45',
103 silly registry.get     'x-served-by': 'cache-lax1434-LAX',
103 silly registry.get     'x-cache': 'HIT',
103 silly registry.get     'x-cache-hits': '2',
103 silly registry.get     'x-timer': 'S1425945887.921246,VS0,VE0',
103 silly registry.get     vary: 'Accept',
103 silly registry.get     'keep-alive': 'timeout=10, max=50',
103 silly registry.get     connection: 'Keep-Alive' } ]
104 silly addNameRange number 2 { name: 'serve-favicon',
104 silly addNameRange   range: '>=2.2.0-0 <2.3.0-0',
104 silly addNameRange   hasData: true }
105 silly addNameRange versions [ 'serve-favicon',
105 silly addNameRange   [ '2.0.0',
105 silly addNameRange     '2.0.1',
105 silly addNameRange     '2.1.0',
105 silly addNameRange     '2.1.1',
105 silly addNameRange     '2.1.2',
105 silly addNameRange     '2.1.3',
105 silly addNameRange     '2.1.4',
105 silly addNameRange     '2.1.5',
105 silly addNameRange     '2.1.6',
105 silly addNameRange     '2.1.7',
105 silly addNameRange     '2.2.0' ] ]
106 verbose addNamed [ 'serve-favicon', '2.2.0' ]
107 verbose addNamed [ '2.2.0', '2.2.0' ]
108 silly lockFile cef81d7c-serve-favicon-2-2-0 serve-favicon@2.2.0
109 verbose lock serve-favicon@2.2.0 /Users/kirishoru/.npm/cef81d7c-serve-favicon-2-2-0.lock
110 silly lockFile cf44cf19--favicon-serve-favicon-2-2-0-tgz https://registry.npmjs.org/serve-favicon/-/serve-favicon-2.2.0.tgz
111 verbose lock https://registry.npmjs.org/serve-favicon/-/serve-favicon-2.2.0.tgz /Users/kirishoru/.npm/cf44cf19--favicon-serve-favicon-2-2-0-tgz.lock
112 verbose addRemoteTarball [ 'https://registry.npmjs.org/serve-favicon/-/serve-favicon-2.2.0.tgz',
112 verbose addRemoteTarball   'a0c25ee8a652e1a638a67db46269cd52a8705858' ]
113 info retry fetch attempt 1 at 17:04:48
114 verbose fetch to= /var/folders/_p/nt3xjgq95hb7fgxxl8dqnh_r0000gn/T/npm-730-C9tVDaAt/registry.npmjs.org/serve-favicon/-/serve-favicon-2.2.0.tgz
115 http GET https://registry.npmjs.org/serve-favicon/-/serve-favicon-2.2.0.tgz
116 http 200 https://registry.npmjs.org/serve-favicon/-/serve-favicon-2.2.0.tgz
117 silly lockFile cf44cf19--favicon-serve-favicon-2-2-0-tgz https://registry.npmjs.org/serve-favicon/-/serve-favicon-2.2.0.tgz
118 silly lockFile cf44cf19--favicon-serve-favicon-2-2-0-tgz https://registry.npmjs.org/serve-favicon/-/serve-favicon-2.2.0.tgz
119 silly lockFile cef81d7c-serve-favicon-2-2-0 serve-favicon@2.2.0
120 silly lockFile cef81d7c-serve-favicon-2-2-0 serve-favicon@2.2.0
121 silly lockFile 9df5bad7-serve-favicon-2-2-0 serve-favicon@~2.2.0
122 silly lockFile 9df5bad7-serve-favicon-2-2-0 serve-favicon@~2.2.0
123 http 200 https://registry.npmjs.org/monk
124 silly registry.get cb [ 200,
124 silly registry.get   { date: 'Tue, 10 Mar 2015 00:04:48 GMT',
124 silly registry.get     server: 'CouchDB/1.5.0 (Erlang OTP/R16B03)',
124 silly registry.get     etag: '"65BNLREV61K8OF9WMMG431ST3"',
124 silly registry.get     'content-type': 'application/json',
124 silly registry.get     'cache-control': 'max-age=60',
124 silly registry.get     'content-length': '28152',
124 silly registry.get     'accept-ranges': 'bytes',
124 silly registry.get     via: '1.1 varnish',
124 silly registry.get     age: '0',
124 silly registry.get     'x-served-by': 'cache-lax1424-LAX',
124 silly registry.get     'x-cache': 'MISS',
124 silly registry.get     'x-cache-hits': '0',
124 silly registry.get     'x-timer': 'S1425945887.935386,VS0,VE379',
124 silly registry.get     vary: 'Accept',
124 silly registry.get     'keep-alive': 'timeout=10, max=50',
124 silly registry.get     connection: 'Keep-Alive' } ]
125 http 200 https://registry.npmjs.org/express
126 silly registry.get cb [ 200,
126 silly registry.get   { date: 'Tue, 10 Mar 2015 00:04:47 GMT',
126 silly registry.get     server: 'CouchDB/1.5.0 (Erlang OTP/R16B03)',
126 silly registry.get     etag: '"DYPEG1YNOEKCDHPNEZX8VEWYM"',
126 silly registry.get     'content-type': 'application/json',
126 silly registry.get     'cache-control': 'max-age=60',
126 silly registry.get     'content-length': '485821',
126 silly registry.get     'accept-ranges': 'bytes',
126 silly registry.get     via: '1.1 varnish',
126 silly registry.get     age: '43',
126 silly registry.get     'x-served-by': 'cache-lax1432-LAX',
126 silly registry.get     'x-cache': 'HIT',
126 silly registry.get     'x-cache-hits': '3',
126 silly registry.get     'x-timer': 'S1425945887.921503,VS0,VE0',
126 silly registry.get     vary: 'Accept',
126 silly registry.get     'keep-alive': 'timeout=10, max=50',
126 silly registry.get     connection: 'Keep-Alive' } ]
127 http 200 https://registry.npmjs.org/mongoskin
128 silly registry.get cb [ 200,
128 silly registry.get   { date: 'Tue, 10 Mar 2015 00:04:48 GMT',
128 silly registry.get     server: 'CouchDB/1.5.0 (Erlang OTP/R16B03)',
128 silly registry.get     etag: '"CWVND41HPHVMNMJBS1XKVX6HL"',
128 silly registry.get     'content-type': 'application/json',
128 silly registry.get     'cache-control': 'max-age=60',
128 silly registry.get     'content-length': '72039',
128 silly registry.get     'accept-ranges': 'bytes',
128 silly registry.get     via: '1.1 varnish',
128 silly registry.get     age: '0',
128 silly registry.get     'x-served-by': 'cache-lax1431-LAX',
128 silly registry.get     'x-cache': 'HIT',
128 silly registry.get     'x-cache-hits': '1',
128 silly registry.get     'x-timer': 'S1425945887.930829,VS0,VE302',
128 silly registry.get     vary: 'Accept',
128 silly registry.get     'keep-alive': 'timeout=10, max=50',
128 silly registry.get     connection: 'Keep-Alive' } ]
129 silly addNameRange number 2 { name: 'monk', range: '*', hasData: true }
130 silly addNameRange versions [ 'monk',
130 silly addNameRange   [ '0.1.0',
130 silly addNameRange     '0.1.2',
130 silly addNameRange     '0.1.3',
130 silly addNameRange     '0.1.4',
130 silly addNameRange     '0.1.5',
130 silly addNameRange     '0.1.6',
130 silly addNameRange     '0.1.7',
130 silly addNameRange     '0.1.8',
130 silly addNameRange     '0.1.9',
130 silly addNameRange     '0.1.10',
130 silly addNameRange     '0.1.11',
130 silly addNameRange     '0.1.12',
130 silly addNameRange     '0.1.13',
130 silly addNameRange     '0.1.14',
130 silly addNameRange     '0.1.15',
130 silly addNameRange     '0.2.0',
130 silly addNameRange     '0.2.1',
130 silly addNameRange     '0.3.0',
130 silly addNameRange     '0.4.0',
130 silly addNameRange     '0.5.0',
130 silly addNameRange     '0.6.0',
130 silly addNameRange     '0.7.0',
130 silly addNameRange     '0.7.1',
130 silly addNameRange     '0.8.0',
130 silly addNameRange     '0.8.1',
130 silly addNameRange     '0.9.0',
130 silly addNameRange     '0.9.1',
130 silly addNameRange     '1.0.0' ] ]
131 verbose addNamed [ 'monk', '1.0.0' ]
132 verbose addNamed [ '1.0.0', '1.0.0' ]
133 silly lockFile 8c8b4adc-monk-1-0-0 monk@1.0.0
134 verbose lock monk@1.0.0 /Users/kirishoru/.npm/8c8b4adc-monk-1-0-0.lock
135 silly addNameRange number 2 { name: 'express', range: '>=4.12.0-0 <4.13.0-0', hasData: true }
136 silly addNameRange versions [ 'express',
136 silly addNameRange   [ '0.14.0',
136 silly addNameRange     '0.14.1',
136 silly addNameRange     '1.0.0',
136 silly addNameRange     '1.0.1',
136 silly addNameRange     '1.0.2',
136 silly addNameRange     '1.0.3',
136 silly addNameRange     '1.0.4',
136 silly addNameRange     '1.0.5',
136 silly addNameRange     '1.0.6',
136 silly addNameRange     '1.0.7',
136 silly addNameRange     '1.0.8',
136 silly addNameRange     '2.0.0',
136 silly addNameRange     '2.1.0',
136 silly addNameRange     '2.1.1',
136 silly addNameRange     '2.2.0',
136 silly addNameRange     '2.2.1',
136 silly addNameRange     '2.2.2',
136 silly addNameRange     '2.3.0',
136 silly addNameRange     '2.3.1',
136 silly addNameRange     '2.3.2',
136 silly addNameRange     '2.3.3',
136 silly addNameRange     '2.3.4',
136 silly addNameRange     '2.3.5',
136 silly addNameRange     '2.3.6',
136 silly addNameRange     '2.3.7',
136 silly addNameRange     '2.3.8',
136 silly addNameRange     '2.3.9',
136 silly addNameRange     '2.3.10',
136 silly addNameRange     '2.3.11',
136 silly addNameRange     '2.3.12',
136 silly addNameRange     '2.4.0',
136 silly addNameRange     '2.4.1',
136 silly addNameRange     '2.4.2',
136 silly addNameRange     '2.4.3',
136 silly addNameRange     '2.4.4',
136 silly addNameRange     '2.4.5',
136 silly addNameRange     '2.4.6',
136 silly addNameRange     '2.4.7',
136 silly addNameRange     '2.5.0',
136 silly addNameRange     '2.5.1',
136 silly addNameRange     '2.5.2',
136 silly addNameRange     '2.5.3',
136 silly addNameRange     '2.5.4',
136 silly addNameRange     '2.5.5',
136 silly addNameRange     '2.5.6',
136 silly addNameRange     '2.5.7',
136 silly addNameRange     '2.5.8',
136 silly addNameRange     '2.5.9',
136 silly addNameRange     '2.5.10',
136 silly addNameRange     '2.5.11',
136 silly addNameRange     '3.0.0',
136 silly addNameRange     '3.0.1',
136 silly addNameRange     '3.0.2',
136 silly addNameRange     '3.0.3',
136 silly addNameRange     '3.0.4',
136 silly addNameRange     '3.0.5',
136 silly addNameRange     '3.0.6',
136 silly addNameRange     '3.1.0',
136 silly addNameRange     '3.1.1',
136 silly addNameRange     '3.1.2',
136 silly addNameRange     '3.2.0',
136 silly addNameRange     '3.2.1',
136 silly addNameRange     '3.2.2',
136 silly addNameRange     '3.2.3',
136 silly addNameRange     '3.2.4',
136 silly addNameRange     '3.2.5',
136 silly addNameRange     '3.2.6',
136 silly addNameRange     '3.3.0',
136 silly addNameRange     '3.3.1',
136 silly addNameRange     '3.3.2',
136 silly addNameRange     '3.3.3',
136 silly addNameRange     '3.3.4',
136 silly addNameRange     '3.3.5',
136 silly addNameRange     '3.3.6',
136 silly addNameRange     '1.0.0-beta',
136 silly addNameRange     '1.0.0-beta2',
136 silly addNameRange     '1.0.0-rc',
136 silly addNameRange     '1.0.0-rc2',
136 silly addNameRange     '1.0.0-rc3',
136 silly addNameRange     '1.0.0-rc4',
136 silly addNameRange     '2.0.0-beta',
136 silly addNameRange     '2.0.0-beta2',
136 silly addNameRange     '2.0.0-beta3',
136 silly addNameRange     '2.0.0-rc',
136 silly addNameRange     '2.0.0-rc2',
136 silly addNameRange     '2.0.0-rc3',
136 silly addNameRange     '3.0.0-alpha1',
136 silly addNameRange     '3.0.0-alpha2',
136 silly addNameRange     '3.0.0-alpha3',
136 silly addNameRange     '3.0.0-alpha4',
136 silly addNameRange     '3.0.0-alpha5',
136 silly addNameRange     '3.0.0-beta1',
136 silly addNameRange     '3.0.0-beta2',
136 silly addNameRange     '3.0.0-beta3',
136 silly addNameRange     '3.0.0-beta4',
136 silly addNameRange     '3.0.0-beta6',
136 silly addNameRange     '3.0.0-beta7',
136 silly addNameRange     '3.0.0-rc1',
136 silly addNameRange     '3.0.0-rc2',
136 silly addNameRange     '3.0.0-rc3',
136 silly addNameRange     '3.0.0-rc4',
136 silly addNameRange     '3.0.0-rc5',
136 silly addNameRange     '3.3.7',
136 silly addNameRange     '3.3.8',
136 silly addNameRange     '3.4.0',
136 silly addNameRange     '3.4.1',
136 silly addNameRange     '3.4.2',
136 silly addNameRange     '3.4.3',
136 silly addNameRange     '3.4.4',
136 silly addNameRange     '3.4.5',
136 silly addNameRange     '3.4.6',
136 silly addNameRange     '3.4.7',
136 silly addNameRange     '3.4.8',
136 silly addNameRange     '4.0.0-rc1',
136 silly addNameRange     '4.0.0-rc2',
136 silly addNameRange     '3.5.0',
136 silly addNameRange     '4.0.0-rc3',
136 silly addNameRange     '4.0.0-rc4',
136 silly addNameRange     '3.5.1',
136 silly addNameRange     '4.0.0',
136 silly addNameRange     '3.5.2',
136 silly addNameRange     '4.1.0',
136 silly addNameRange     '4.1.1',
136 silly addNameRange     '3.5.3',
136 silly addNameRange     '4.1.2',
136 silly addNameRange     '3.6.0',
136 silly addNameRange     '4.2.0',
136 silly addNameRange     '3.7.0',
136 silly addNameRange     '3.8.0',
136 silly addNameRange     '4.3.0',
136 silly addNameRange     '4.3.1',
136 silly addNameRange     '3.8.1',
136 silly addNameRange     '4.3.2',
136 silly addNameRange     '3.9.0',
136 silly addNameRange     '4.4.0',
136 silly addNameRange     '4.4.1',
136 silly addNameRange     '3.10.0',
136 silly addNameRange     '3.10.1',
136 silly addNameRange     '3.10.2',
136 silly addNameRange     '3.10.3',
136 silly addNameRange     '3.10.4',
136 silly addNameRange     '4.4.2',
136 silly addNameRange     '3.10.5',
136 silly addNameRange     '4.4.3',
136 silly addNameRange     '3.11.0',
136 silly addNameRange     '4.4.4',
136 silly addNameRange     '3.12.0',
136 silly addNameRange     '3.12.1',
136 silly addNameRange     '4.4.5',
136 silly addNameRange     '3.13.0',
136 silly addNameRange     '4.5.0',
136 silly addNameRange     '4.5.1',
136 silly addNameRange     '3.14.0',
136 silly addNameRange     '4.6.0',
136 silly addNameRange     '4.6.1',
136 silly addNameRange     '3.15.0',
136 silly addNameRange     '4.7.0',
136 silly addNameRange     '3.15.1',
136 silly addNameRange     '4.7.1',
136 silly addNameRange     '3.15.2',
136 silly addNameRange     '4.7.2',
136 silly addNameRange     '4.7.3',
136 silly addNameRange     '3.15.3',
136 silly addNameRange     '4.7.4',
136 silly addNameRange     '3.16.0',
136 silly addNameRange     '4.8.0',
136 silly addNameRange     '3.16.1',
136 silly addNameRange     '4.8.1',
136 silly addNameRange     '3.16.2',
136 silly addNameRange     '4.8.2',
136 silly addNameRange     '3.16.3',
136 silly addNameRange     '3.16.4',
136 silly addNameRange     '4.8.3',
136 silly addNameRange     '3.16.5',
136 silly addNameRange     '3.16.6',
136 silly addNameRange     '4.8.4',
136 silly addNameRange     '3.16.7',
136 silly addNameRange     '4.8.5',
136 silly addNameRange     '3.16.8',
136 silly addNameRange     '4.8.6',
136 silly addNameRange     '3.16.9',
136 silly addNameRange     '4.8.7',
136 silly addNameRange     '3.16.10',
136 silly addNameRange     '4.8.8',
136 silly addNameRange     '3.17.0',
136 silly addNameRange     '3.17.1',
136 silly addNameRange     '4.9.0',
136 silly addNameRange     '3.17.2',
136 silly addNameRange     '4.9.1',
136 silly addNameRange     '4.9.2',
136 silly addNameRange     '3.17.3',
136 silly addNameRange     '4.9.3',
136 silly addNameRange     '3.17.4',
136 silly addNameRange     '4.9.4',
136 silly addNameRange     '3.17.5',
136 silly addNameRange     '4.9.5',
136 silly addNameRange     '3.17.6',
136 silly addNameRange     '3.17.7',
136 silly addNameRange     '4.9.6',
136 silly addNameRange     '4.9.7',
136 silly addNameRange     '3.17.8',
136 silly addNameRange     '4.9.8',
136 silly addNameRange     '3.18.0',
136 silly addNameRange     '3.18.1',
136 silly addNameRange     '4.10.0',
136 silly addNameRange     '3.18.2',
136 silly addNameRange     '4.10.1',
136 silly addNameRange     '5.0.0-alpha.1',
136 silly addNameRange     '3.18.3',
136 silly addNameRange     '4.10.2',
136 silly addNameRange     '3.18.4',
136 silly addNameRange     '4.10.3',
136 silly addNameRange     '4.10.4',
136 silly addNameRange     '4.10.5',
136 silly addNameRange     '3.18.5',
136 silly addNameRange     '3.18.6',
136 silly addNameRange     '4.10.6',
136 silly addNameRange     '4.10.7',
136 silly addNameRange     '3.19.0',
136 silly addNameRange     '4.10.8',
136 silly addNameRange     '4.11.0',
136 silly addNameRange     '3.19.1',
136 silly addNameRange     '4.11.1',
136 silly addNameRange     '3.19.2',
136 silly addNameRange     '4.11.2',
136 silly addNameRange     '3.20.0',
136 silly addNameRange     '4.12.0',
136 silly addNameRange     '3.20.1',
136 silly addNameRange     '4.12.1',
136 silly addNameRange     '4.12.2' ] ]
137 verbose addNamed [ 'express', '4.12.2' ]
138 verbose addNamed [ '4.12.2', '4.12.2' ]
139 silly lockFile a2d0019d-express-4-12-2 express@4.12.2
140 verbose lock express@4.12.2 /Users/kirishoru/.npm/a2d0019d-express-4-12-2.lock
141 silly lockFile c80c21a4-s-org-express-express-4-12-2-tgz https://registry.npmjs.org/express/-/express-4.12.2.tgz
142 verbose lock https://registry.npmjs.org/express/-/express-4.12.2.tgz /Users/kirishoru/.npm/c80c21a4-s-org-express-express-4-12-2-tgz.lock
143 silly lockFile 6b636917-ry-npmjs-org-monk-monk-1-0-0-tgz https://registry.npmjs.org/monk/-/monk-1.0.0.tgz
144 verbose lock https://registry.npmjs.org/monk/-/monk-1.0.0.tgz /Users/kirishoru/.npm/6b636917-ry-npmjs-org-monk-monk-1-0-0-tgz.lock
145 silly addNameRange number 2 { name: 'mongoskin', range: '*', hasData: true }
146 silly addNameRange versions [ 'mongoskin',
146 silly addNameRange   [ '0.1.0',
146 silly addNameRange     '0.1.1',
146 silly addNameRange     '0.1.2',
146 silly addNameRange     '0.1.3',
146 silly addNameRange     '0.2.0',
146 silly addNameRange     '0.2.1',
146 silly addNameRange     '0.2.2',
146 silly addNameRange     '0.2.3',
146 silly addNameRange     '0.3.0',
146 silly addNameRange     '0.3.3',
146 silly addNameRange     '0.3.4',
146 silly addNameRange     '0.3.5',
146 silly addNameRange     '0.3.6',
146 silly addNameRange     '0.3.7',
146 silly addNameRange     '0.4.0',
146 silly addNameRange     '0.4.1',
146 silly addNameRange     '0.4.2',
146 silly addNameRange     '0.4.3',
146 silly addNameRange     '0.4.4',
146 silly addNameRange     '0.5.0',
146 silly addNameRange     '0.6.0',
146 silly addNameRange     '0.6.1',
146 silly addNameRange     '1.3.20-alpha',
146 silly addNameRange     '1.3.20',
146 silly addNameRange     '1.3.21',
146 silly addNameRange     '1.3.22',
146 silly addNameRange     '1.3.23',
146 silly addNameRange     '1.4.0',
146 silly addNameRange     '1.4.1',
146 silly addNameRange     '1.4.2',
146 silly addNameRange     '1.4.3',
146 silly addNameRange     '1.4.4',
146 silly addNameRange     '1.4.10-beta',
146 silly addNameRange     '1.4.10',
146 silly addNameRange     '1.4.11',
146 silly addNameRange     '1.4.12' ] ]
147 verbose addNamed [ 'mongoskin', '1.4.12' ]
148 verbose addNamed [ '1.4.12', '1.4.12' ]
149 silly lockFile 1d106ff3-mongoskin-1-4-12 mongoskin@1.4.12
150 verbose lock mongoskin@1.4.12 /Users/kirishoru/.npm/1d106ff3-mongoskin-1-4-12.lock
151 verbose addRemoteTarball [ 'https://registry.npmjs.org/express/-/express-4.12.2.tgz',
151 verbose addRemoteTarball   '7e72ad4c1b4edf07536a6d1e2acec0161d8564bd' ]
152 verbose addRemoteTarball [ 'https://registry.npmjs.org/monk/-/monk-1.0.0.tgz',
152 verbose addRemoteTarball   '36d9b1f7509a0a5dbe1f2b164157d0ea13bd963a' ]
153 silly lockFile 2e7f24bb-g-mongoskin-mongoskin-1-4-12-tgz https://registry.npmjs.org/mongoskin/-/mongoskin-1.4.12.tgz
154 verbose lock https://registry.npmjs.org/mongoskin/-/mongoskin-1.4.12.tgz /Users/kirishoru/.npm/2e7f24bb-g-mongoskin-mongoskin-1-4-12-tgz.lock
155 verbose addRemoteTarball [ 'https://registry.npmjs.org/mongoskin/-/mongoskin-1.4.12.tgz',
155 verbose addRemoteTarball   '17e7681c9e325adcef65b914d48dfe2f26810243' ]
156 info retry fetch attempt 1 at 17:04:48
157 verbose fetch to= /var/folders/_p/nt3xjgq95hb7fgxxl8dqnh_r0000gn/T/npm-730-C9tVDaAt/registry.npmjs.org/express/-/express-4.12.2.tgz
158 info retry fetch attempt 1 at 17:04:48
159 verbose fetch to= /var/folders/_p/nt3xjgq95hb7fgxxl8dqnh_r0000gn/T/npm-730-C9tVDaAt/registry.npmjs.org/monk/-/monk-1.0.0.tgz
160 http GET https://registry.npmjs.org/monk/-/monk-1.0.0.tgz
161 http GET https://registry.npmjs.org/express/-/express-4.12.2.tgz
162 info retry fetch attempt 1 at 17:04:48
163 verbose fetch to= /var/folders/_p/nt3xjgq95hb7fgxxl8dqnh_r0000gn/T/npm-730-C9tVDaAt/registry.npmjs.org/mongoskin/-/mongoskin-1.4.12.tgz
164 http GET https://registry.npmjs.org/mongoskin/-/mongoskin-1.4.12.tgz
165 http 200 https://registry.npmjs.org/mongodb
166 silly registry.get cb [ 200,
166 silly registry.get   { date: 'Tue, 10 Mar 2015 00:04:47 GMT',
166 silly registry.get     server: 'CouchDB/1.5.0 (Erlang OTP/R16B03)',
166 silly registry.get     etag: '"1PNL253E45Q0FVCYZCZYBQOQ7"',
166 silly registry.get     'content-type': 'application/json',
166 silly registry.get     'cache-control': 'max-age=60',
166 silly registry.get     'content-length': '439530',
166 silly registry.get     'accept-ranges': 'bytes',
166 silly registry.get     via: '1.1 varnish',
166 silly registry.get     age: '37',
166 silly registry.get     'x-served-by': 'cache-lax1430-LAX',
166 silly registry.get     'x-cache': 'HIT',
166 silly registry.get     'x-cache-hits': '1',
166 silly registry.get     'x-timer': 'S1425945887.930417,VS0,VE3',
166 silly registry.get     vary: 'Accept',
166 silly registry.get     'keep-alive': 'timeout=10, max=50',
166 silly registry.get     connection: 'Keep-Alive' } ]
167 silly addNameRange number 2 { name: 'mongodb', range: '*', hasData: true }
168 silly addNameRange versions [ 'mongodb',
168 silly addNameRange   [ '0.9.4',
168 silly addNameRange     '0.9.4-4',
168 silly addNameRange     '0.9.3',
168 silly addNameRange     '0.9.1',
168 silly addNameRange     '0.9.2',
168 silly addNameRange     '0.9.6-7',
168 silly addNameRange     '0.9.6-8',
168 silly addNameRange     '0.9.6-9',
168 silly addNameRange     '0.9.6-10',
168 silly addNameRange     '0.9.6-11',
168 silly addNameRange     '0.9.6-12',
168 silly addNameRange     '0.9.6-13',
168 silly addNameRange     '0.9.6-14',
168 silly addNameRange     '0.9.6-15',
168 silly addNameRange     '0.9.6-16',
168 silly addNameRange     '0.9.6-17',
168 silly addNameRange     '0.9.6-18',
168 silly addNameRange     '0.9.6-19',
168 silly addNameRange     '0.9.6-20',
168 silly addNameRange     '0.9.6-21',
168 silly addNameRange     '0.9.6-22',
168 silly addNameRange     '0.9.6-23',
168 silly addNameRange     '0.9.7',
168 silly addNameRange     '0.9.7-0',
168 silly addNameRange     '0.9.7-1',
168 silly addNameRange     '0.9.7-1.1',
168 silly addNameRange     '0.9.7-1.2',
168 silly addNameRange     '0.9.7-1.3',
168 silly addNameRange     '0.9.7-1.4',
168 silly addNameRange     '0.9.7-2',
168 silly addNameRange     '0.9.7-2-1',
168 silly addNameRange     '0.9.7-2-2',
168 silly addNameRange     '0.9.7-2-3',
168 silly addNameRange     '0.9.7-2-4',
168 silly addNameRange     '0.9.7-2-5',
168 silly addNameRange     '0.9.7-3',
168 silly addNameRange     '0.9.7-3-1',
168 silly addNameRange     '0.9.7-3-2',
168 silly addNameRange     '0.9.7-3-3',
168 silly addNameRange     '0.9.7-3-4',
168 silly addNameRange     '0.9.7-3-5',
168 silly addNameRange     '0.9.8',
168 silly addNameRange     '0.9.8-1',
168 silly addNameRange     '0.9.8-2',
168 silly addNameRange     '0.9.8-3',
168 silly addNameRange     '0.9.8-4',
168 silly addNameRange     '0.9.8-5',
168 silly addNameRange     '0.9.8-6',
168 silly addNameRange     '0.9.8-7',
168 silly addNameRange     '0.9.9',
168 silly addNameRange     '0.9.9-1',
168 silly addNameRange     '0.9.9-2',
168 silly addNameRange     '0.9.9-3',
168 silly addNameRange     '0.9.9-4',
168 silly addNameRange     '0.9.9-5',
168 silly addNameRange     '0.9.9-6',
168 silly addNameRange     '0.9.9-7',
168 silly addNameRange     '0.9.9-8',
168 silly addNameRange     '1.0.0',
168 silly addNameRange     '1.0.1',
168 silly addNameRange     '1.0.2',
168 silly addNameRange     '1.1.0-beta',
168 silly addNameRange     '1.1.0',
168 silly addNameRange     '1.1.1',
168 silly addNameRange     '1.1.2',
168 silly addNameRange     '1.1.3',
168 silly addNameRange     '1.1.4',
168 silly addNameRange     '1.1.5',
168 silly addNameRange     '1.1.6',
168 silly addNameRange     '1.1.7',
168 silly addNameRange     '1.1.8',
168 silly addNameRange     '1.1.9',
168 silly addNameRange     '1.1.10',
168 silly addNameRange     '1.1.11',
168 silly addNameRange     '1.2.0',
168 silly addNameRange     '1.2.1',
168 silly addNameRange     '1.2.2',
168 silly addNameRange     '1.2.3',
168 silly addNameRange     '1.2.4',
168 silly addNameRange     '1.2.5',
168 silly addNameRange     '1.2.6',
168 silly addNameRange     '1.2.7',
168 silly addNameRange     '1.2.8',
168 silly addNameRange     '1.2.9',
168 silly addNameRange     '1.2.10',
168 silly addNameRange     '1.2.11',
168 silly addNameRange     '1.2.12',
168 silly addNameRange     '1.2.13',
168 silly addNameRange     '1.2.14',
168 silly addNameRange     '1.3.0',
168 silly addNameRange     '1.3.1',
168 silly addNameRange     '1.3.2',
168 silly addNameRange     '1.3.3',
168 silly addNameRange     '1.3.4',
168 silly addNameRange     '1.3.5',
168 silly addNameRange     '1.3.6',
168 silly addNameRange     '1.3.7',
168 silly addNameRange     '1.3.8',
168 silly addNameRange     '1.3.9',
168 silly addNameRange     '1.3.10',
168 silly addNameRange     '1.3.11',
168 silly addNameRange     '1.3.12',
168 silly addNameRange     '1.3.14',
168 silly addNameRange     '1.3.15',
168 silly addNameRange     '1.3.17',
168 silly addNameRange     '1.3.18',
168 silly addNameRange     '1.3.19',
168 silly addNameRange     '1.4.0-rc2',
168 silly addNameRange     '1.3.20',
168 silly addNameRange     '1.4.0-rc3',
168 silly addNameRange     '1.3.21',
168 silly addNameRange     '1.3.22',
168 silly addNameRange     '1.3.23',
168 silly addNameRange     '1.4.0-rc4',
168 silly addNameRange     '1.4.0-rc5',
168 silly addNameRange     '1.4.0-rc6',
168 silly addNameRange     '1.4.0-rc7',
168 silly addNameRange     '1.4.0-rc8',
168 silly addNameRange     '1.4.0-rc9',
168 silly addNameRange     '1.4.0-rc10',
168 silly addNameRange     '1.4.0',
168 silly addNameRange     '1.4.1',
168 silly addNameRange     '1.4.2',
168 silly addNameRange     '1.4.3',
168 silly addNameRange     '1.4.4',
168 silly addNameRange     '1.4.5',
168 silly addNameRange     '1.4.6',
168 silly addNameRange     '1.4.7',
168 silly addNameRange     '1.4.8',
168 silly addNameRange     '1.4.9',
168 silly addNameRange     '1.4.10',
168 silly addNameRange     '2.0.0-alpha1',
168 silly addNameRange     '1.4.11',
168 silly addNameRange     '1.4.12',
168 silly addNameRange     '1.4.14',
168 silly addNameRange     '1.4.15',
168 silly addNameRange     '1.4.16',
168 silly addNameRange     '1.4.17',
168 silly addNameRange     '2.0.0-alpha2',
168 silly addNameRange     '1.4.18',
168 silly addNameRange     '2.0.0',
168 silly addNameRange     '2.0.1',
168 silly addNameRange     '2.0.2',
168 silly addNameRange     '1.4.19',
168 silly addNameRange     '2.0.3',
168 silly addNameRange     '2.0.4',
168 silly addNameRange     '2.0.5',
168 silly addNameRange     '2.0.6',
168 silly addNameRange     '1.4.20',
168 silly addNameRange     '1.4.22',
168 silly addNameRange     '2.0.7',
168 silly addNameRange     '2.0.8',
168 silly addNameRange     '2.0.9',
168 silly addNameRange     '1.4.23',
168 silly addNameRange     '2.0.10',
168 silly addNameRange     '1.4.24',
168 silly addNameRange     '2.0.11',
168 silly addNameRange     '1.4.25',
168 silly addNameRange     '2.0.12',
168 silly addNameRange     '1.4.26',
168 silly addNameRange     '1.4.27',
168 silly addNameRange     '1.4.28',
168 silly addNameRange     '2.0.13',
168 silly addNameRange     '2.0.14',
168 silly addNameRange     '1.4.29',
168 silly addNameRange     '2.0.15',
168 silly addNameRange     '1.4.30',
168 silly addNameRange     '2.0.16',
168 silly addNameRange     '1.4.31',
168 silly addNameRange     '2.0.17',
168 silly addNameRange     '1.4.32',
168 silly addNameRange     '2.0.18',
168 silly addNameRange     '2.0.19',
168 silly addNameRange     '1.4.33',
168 silly addNameRange     '2.0.20',
168 silly addNameRange     '2.0.21',
168 silly addNameRange     '1.4.34' ] ]
169 verbose addNamed [ 'mongodb', '1.4.34' ]
170 verbose addNamed [ '1.4.34', '1.4.34' ]
171 silly lockFile ee43449c-mongodb-1-4-34 mongodb@1.4.34
172 verbose lock mongodb@1.4.34 /Users/kirishoru/.npm/ee43449c-mongodb-1-4-34.lock
173 silly lockFile b7cc85f3-s-org-mongodb-mongodb-1-4-34-tgz https://registry.npmjs.org/mongodb/-/mongodb-1.4.34.tgz
174 verbose lock https://registry.npmjs.org/mongodb/-/mongodb-1.4.34.tgz /Users/kirishoru/.npm/b7cc85f3-s-org-mongodb-mongodb-1-4-34-tgz.lock
175 verbose addRemoteTarball [ 'https://registry.npmjs.org/mongodb/-/mongodb-1.4.34.tgz',
175 verbose addRemoteTarball   'fc17b11eea384e7e68c749b6e57e230429ec42dd' ]
176 info retry fetch attempt 1 at 17:04:48
177 verbose fetch to= /var/folders/_p/nt3xjgq95hb7fgxxl8dqnh_r0000gn/T/npm-730-C9tVDaAt/registry.npmjs.org/mongodb/-/mongodb-1.4.34.tgz
178 http GET https://registry.npmjs.org/mongodb/-/mongodb-1.4.34.tgz
179 http 200 https://registry.npmjs.org/mongoskin/-/mongoskin-1.4.12.tgz
180 http 200 https://registry.npmjs.org/monk/-/monk-1.0.0.tgz
181 http 200 https://registry.npmjs.org/express/-/express-4.12.2.tgz
182 silly lockFile 6b636917-ry-npmjs-org-monk-monk-1-0-0-tgz https://registry.npmjs.org/monk/-/monk-1.0.0.tgz
183 silly lockFile 6b636917-ry-npmjs-org-monk-monk-1-0-0-tgz https://registry.npmjs.org/monk/-/monk-1.0.0.tgz
184 silly lockFile 2e7f24bb-g-mongoskin-mongoskin-1-4-12-tgz https://registry.npmjs.org/mongoskin/-/mongoskin-1.4.12.tgz
185 silly lockFile 2e7f24bb-g-mongoskin-mongoskin-1-4-12-tgz https://registry.npmjs.org/mongoskin/-/mongoskin-1.4.12.tgz
186 silly lockFile 8c8b4adc-monk-1-0-0 monk@1.0.0
187 silly lockFile 8c8b4adc-monk-1-0-0 monk@1.0.0
188 silly lockFile 1d106ff3-mongoskin-1-4-12 mongoskin@1.4.12
189 silly lockFile 1d106ff3-mongoskin-1-4-12 mongoskin@1.4.12
190 silly lockFile 0950a84a-monk monk@*
191 silly lockFile 0950a84a-monk monk@*
192 silly lockFile bbe026fa-mongoskin mongoskin@*
193 silly lockFile bbe026fa-mongoskin mongoskin@*
194 silly lockFile c80c21a4-s-org-express-express-4-12-2-tgz https://registry.npmjs.org/express/-/express-4.12.2.tgz
195 silly lockFile c80c21a4-s-org-express-express-4-12-2-tgz https://registry.npmjs.org/express/-/express-4.12.2.tgz
196 silly lockFile a2d0019d-express-4-12-2 express@4.12.2
197 silly lockFile a2d0019d-express-4-12-2 express@4.12.2
198 silly lockFile f6913094-express-4-12-0 express@~4.12.0
199 silly lockFile f6913094-express-4-12-0 express@~4.12.0
200 http 200 https://registry.npmjs.org/mongodb/-/mongodb-1.4.34.tgz
201 silly lockFile b7cc85f3-s-org-mongodb-mongodb-1-4-34-tgz https://registry.npmjs.org/mongodb/-/mongodb-1.4.34.tgz
202 silly lockFile b7cc85f3-s-org-mongodb-mongodb-1-4-34-tgz https://registry.npmjs.org/mongodb/-/mongodb-1.4.34.tgz
203 silly lockFile ee43449c-mongodb-1-4-34 mongodb@1.4.34
204 silly lockFile ee43449c-mongodb-1-4-34 mongodb@1.4.34
205 silly lockFile 842f93d5-mongodb mongodb@*
206 silly lockFile 842f93d5-mongodb mongodb@*
207 error Error: EACCES, mkdir '/Users/kirishoru/.npm/express/4.12.2'
207 error  { [Error: EACCES, mkdir '/Users/kirishoru/.npm/express/4.12.2']
207 error   errno: 3,
207 error   code: 'EACCES',
207 error   path: '/Users/kirishoru/.npm/express/4.12.2',
207 error   parent: 'experiment' }
208 error Please try running this command again as root/Administrator.
209 error System Darwin 14.1.0
210 error command "node" "/usr/local/bin/npm" "install"
211 error cwd /Users/kirishoru/Sites/experiment
212 error node -v v0.10.32
213 error npm -v 1.4.28
214 error path /Users/kirishoru/.npm/express/4.12.2
215 error code EACCES
216 error errno 3
217 error stack Error: EACCES, mkdir '/Users/kirishoru/.npm/express/4.12.2'
218 verbose exit [ 3, true ]
